0 info it worked if it ends with ok
1 verbose cli [ 'C:\\Program Files\\nodejs\\node.exe',
1 verbose cli   'C:\\Program Files\\nodejs\\node_modules\\npm\\bin\\npm-cli.js',
1 verbose cli   'test' ]
2 info using npm@2.14.12
3 info using node@v4.3.1
4 verbose stack Error: ENOENT: no such file or directory, open 'C:\Users\anubmat\TypeScript-TmLanguage\package.json'
4 verbose stack     at Error (native)
5 verbose cwd C:\Users\anubmat\TypeScript-TmLanguage
6 error Windows_NT 10.0.10240
7 error argv "C:\\Program Files\\nodejs\\node.exe" "C:\\Program Files\\nodejs\\node_modules\\npm\\bin\\npm-cli.js" "test"
8 error node v4.3.1
9 error npm  v2.14.12
10 error path C:\Users\anubmat\TypeScript-TmLanguage\package.json
11 error code ENOENT
12 error errno -4058
13 error syscall open
14 error enoent ENOENT: no such file or directory, open 'C:\Users\anubmat\TypeScript-TmLanguage\package.json'
14 error enoent This is most likely not a problem with npm itself
14 error enoent and is related to npm not being able to find a file.
15 verbose exit [ -4058, true ]
